<?xml version="1.0" encoding="UTF-8"?>
<testsuite name="br.ce.wcaquino.servicos.CalculoValorLocacaoTest" time="0.289" tests="6" errors="6" skipped="0" failures="0">
  <properties>
[...]
</properties>
  <testcase name="deveCalcularValorLocacaoConsiderandoDescontos[6 Filmes: 100%]" classname="br.ce.wcaquino.servicos.CalculoValorLocacaoTest" time="0.049">
    <error message="Could not initialize class org.powermock.api.mockito.repackaged.ClassImposterizer$3" type="java.lang.NoClassDefFoundError"><![CDATA[java.lang.NoClassDefFoundError: Could not initialize class org.powermock.api.mockito.repackaged.ClassImposterizer$3
	at org.mockito.cglib.core.KeyFactory$Generator.generateClass(KeyFactory.java:167)
	at org.mockito.cglib.core.DefaultGeneratorStrategy.generate(DefaultGeneratorStrategy.java:25)
	at org.mockito.cglib.core.AbstractClassGenerator.create(AbstractClassGenerator.java:217)
	at org.mockito.cglib.core.KeyFactory$Generator.create(KeyFactory.java:145)
	at org.mockito.cglib.core.KeyFactory.create(KeyFactory.java:117)
	at org.mockito.cglib.core.KeyFactory.create(KeyFactory.java:109)
	at org.mockito.cglib.core.KeyFactory.create(KeyFactory.java:105)
	at org.mockito.cglib.proxy.Enhancer.<clinit>(Enhancer.java:70)
	at org.powermock.api.mockito.repackaged.ClassImposterizer.createProxyClass(ClassImposterizer.java:96)
	at org.powermock.api.mockito.repackaged.ClassImposterizer.imposterise(ClassImposterizer.java:58)
	at org.powermock.api.mockito.repackaged.ClassImposterizer.imposterise(ClassImposterizer.java:50)
	at org.powermock.api.mockito.repackaged.CglibMockMaker.createMock(CglibMockMaker.java:25)
	at org.powermock.api.mockito.internal.mockmaker.PowerMockMaker.createMock(PowerMockMaker.java:47)
	at org.mockito.internal.util.MockUtil.createMock(MockUtil.java:33)
	at org.mockito.internal.MockitoCore.mock(MockitoCore.java:59)
	at org.mockito.Mockito.mock(Mockito.java:1285)
	at org.mockito.internal.configuration.MockAnnotationProcessor.process(MockAnnotationProcessor.java:33)
	at org.mockito.internal.configuration.MockAnnotationProcessor.process(MockAnnotationProcessor.java:16)
	at org.mockito.internal.configuration.DefaultAnnotationEngine.createMockFor(DefaultAnnotationEngine.java:43)
	at org.mockito.internal.configuration.DefaultAnnotationEngine.process(DefaultAnnotationEngine.java:66)
	at org.mockito.internal.configuration.InjectingAnnotationEngine.processIndependentAnnotations(InjectingAnnotationEngine.java:71)
	at org.mockito.internal.configuration.InjectingAnnotationEngine.process(InjectingAnnotationEngine.java:55)
	at org.mockito.MockitoAnnotations.initMocks(MockitoAnnotations.java:108)
	at br.ce.wcaquino.servicos.CalculoValorLocacaoTest.setup(CalculoValorLocacaoTest.java:52)
]]></error>
    <system-out><![CDATA[Finalizando 3...
]]></system-out>
  </testcase>
  <testcase name="deveCalcularValorLocacaoConsiderandoDescontos[2 Filmes: Sem Desconto]" classname="br.ce.wcaquino.servicos.CalculoValorLocacaoTest" time="0.048">
    <error type="java.lang.ExceptionInInitializerError:"><![CDATA[java.lang.ExceptionInInitializerError: null
	at java.base/java.lang.reflect.AccessibleObject.checkCanSetAccessible(AccessibleObject.java:354)
	at java.base/java.lang.reflect.AccessibleObject.checkCanSetAccessible(AccessibleObject.java:297)
	at java.base/java.lang.reflect.Method.checkCanSetAccessible(Method.java:200)
	at java.base/java.lang.reflect.Method.setAccessible(Method.java:194)
	at org.mockito.cglib.core.ReflectUtils$2.run(ReflectUtils.java:57)
	at java.base/java.security.AccessController.doPrivileged(AccessController.java:318)
	at org.mockito.cglib.core.ReflectUtils.<clinit>(ReflectUtils.java:47)
	at org.mockito.cglib.core.KeyFactory$Generator.generateClass(KeyFactory.java:167)
	at org.mockito.cglib.core.DefaultGeneratorStrategy.generate(DefaultGeneratorStrategy.java:25)
	at org.mockito.cglib.core.AbstractClassGenerator.create(AbstractClassGenerator.java:217)
	at org.mockito.cglib.core.KeyFactory$Generator.create(KeyFactory.java:145)
	at org.mockito.cglib.core.KeyFactory.create(KeyFactory.java:117)
	at org.mockito.cglib.core.KeyFactory.create(KeyFactory.java:109)
	at org.mockito.cglib.core.KeyFactory.create(KeyFactory.java:105)
	at org.mockito.cglib.proxy.Enhancer.<clinit>(Enhancer.java:70)
	at org.powermock.api.mockito.repackaged.ClassImposterizer.createProxyClass(ClassImposterizer.java:96)
	at org.powermock.api.mockito.repackaged.ClassImposterizer.imposterise(ClassImposterizer.java:58)
	at org.powermock.api.mockito.repackaged.ClassImposterizer.imposterise(ClassImposterizer.java:50)
	at org.powermock.api.mockito.repackaged.CglibMockMaker.createMock(CglibMockMaker.java:25)
	at org.powermock.api.mockito.internal.mockmaker.PowerMockMaker.createMock(PowerMockMaker.java:47)
	at org.mockito.internal.util.MockUtil.createMock(MockUtil.java:33)
	at org.mockito.internal.MockitoCore.mock(MockitoCore.java:59)
	at org.mockito.Mockito.mock(Mockito.java:1285)
	at org.mockito.internal.configuration.MockAnnotationProcessor.process(MockAnnotationProcessor.java:33)
	at org.mockito.internal.configuration.MockAnnotationProcessor.process(MockAnnotationProcessor.java:16)
	at org.mockito.internal.configuration.DefaultAnnotationEngine.createMockFor(DefaultAnnotationEngine.java:43)
	at org.mockito.internal.configuration.DefaultAnnotationEngine.process(DefaultAnnotationEngine.java:66)
	at org.mockito.internal.configuration.InjectingAnnotationEngine.processIndependentAnnotations(InjectingAnnotationEngine.java:71)
	at org.mockito.internal.configuration.InjectingAnnotationEngine.process(InjectingAnnotationEngine.java:55)
	at org.mockito.MockitoAnnotations.initMocks(MockitoAnnotations.java:108)
	at br.ce.wcaquino.servicos.CalculoValorLocacaoTest.setup(CalculoValorLocacaoTest.java:52)
]]></error>
    <system-out><![CDATA[Finalizando 3...
]]></system-out>
  </testcase>
  <testcase name="deveCalcularValorLocacaoConsiderandoDescontos[5 Filmes: 75%]" classname="br.ce.wcaquino.servicos.CalculoValorLocacaoTest" time="0.048">
    <error message="Could not initialize class org.powermock.api.mockito.repackaged.ClassImposterizer$3" type="java.lang.NoClassDefFoundError"><![CDATA[java.lang.NoClassDefFoundError: Could not initialize class org.powermock.api.mockito.repackaged.ClassImposterizer$3
	at org.mockito.cglib.core.KeyFactory$Generator.generateClass(KeyFactory.java:167)
	at org.mockito.cglib.core.DefaultGeneratorStrategy.generate(DefaultGeneratorStrategy.java:25)
	at org.mockito.cglib.core.AbstractClassGenerator.create(AbstractClassGenerator.java:217)
	at org.mockito.cglib.core.KeyFactory$Generator.create(KeyFactory.java:145)
	at org.mockito.cglib.core.KeyFactory.create(KeyFactory.java:117)
	at org.mockito.cglib.core.KeyFactory.create(KeyFactory.java:109)
	at org.mockito.cglib.core.KeyFactory.create(KeyFactory.java:105)
	at org.mockito.cglib.proxy.Enhancer.<clinit>(Enhancer.java:70)
	at org.powermock.api.mockito.repackaged.ClassImposterizer.createProxyClass(ClassImposterizer.java:96)
	at org.powermock.api.mockito.repackaged.ClassImposterizer.imposterise(ClassImposterizer.java:58)
	at org.powermock.api.mockito.repackaged.ClassImposterizer.imposterise(ClassImposterizer.java:50)
	at org.powermock.api.mockito.repackaged.CglibMockMaker.createMock(CglibMockMaker.java:25)
	at org.powermock.api.mockito.internal.mockmaker.PowerMockMaker.createMock(PowerMockMaker.java:47)
	at org.mockito.internal.util.MockUtil.createMock(MockUtil.java:33)
	at org.mockito.internal.MockitoCore.mock(MockitoCore.java:59)
	at org.mockito.Mockito.mock(Mockito.java:1285)
	at org.mockito.internal.configuration.MockAnnotationProcessor.process(MockAnnotationProcessor.java:33)
	at org.mockito.internal.configuration.MockAnnotationProcessor.process(MockAnnotationProcessor.java:16)
	at org.mockito.internal.configuration.DefaultAnnotationEngine.createMockFor(DefaultAnnotationEngine.java:43)
	at org.mockito.internal.configuration.DefaultAnnotationEngine.process(DefaultAnnotationEngine.java:66)
	at org.mockito.internal.configuration.InjectingAnnotationEngine.processIndependentAnnotations(InjectingAnnotationEngine.java:71)
	at org.mockito.internal.configuration.InjectingAnnotationEngine.process(InjectingAnnotationEngine.java:55)
	at org.mockito.MockitoAnnotations.initMocks(MockitoAnnotations.java:108)
	at br.ce.wcaquino.servicos.CalculoValorLocacaoTest.setup(CalculoValorLocacaoTest.java:52)
]]></error>
    <system-out><![CDATA[Finalizando 3...
]]></system-out>
  </testcase>
  <testcase name="deveCalcularValorLocacaoConsiderandoDescontos[7 Filmes: Sem Desconto]" classname="br.ce.wcaquino.servicos.CalculoValorLocacaoTest" time="0.048">
    <error message="Could not initialize class org.powermock.api.mockito.repackaged.ClassImposterizer$3" type="java.lang.NoClassDefFoundError"><![CDATA[java.lang.NoClassDefFoundError: Could not initialize class org.powermock.api.mockito.repackaged.ClassImposterizer$3
	at org.mockito.cglib.core.KeyFactory$Generator.generateClass(KeyFactory.java:167)
	at org.mockito.cglib.core.DefaultGeneratorStrategy.generate(DefaultGeneratorStrategy.java:25)
	at org.mockito.cglib.core.AbstractClassGenerator.create(AbstractClassGenerator.java:217)
	at org.mockito.cglib.core.KeyFactory$Generator.create(KeyFactory.java:145)
	at org.mockito.cglib.core.KeyFactory.create(KeyFactory.java:117)
	at org.mockito.cglib.core.KeyFactory.create(KeyFactory.java:109)
	at org.mockito.cglib.core.KeyFactory.create(KeyFactory.java:105)
	at org.mockito.cglib.proxy.Enhancer.<clinit>(Enhancer.java:70)
	at org.powermock.api.mockito.repackaged.ClassImposterizer.createProxyClass(ClassImposterizer.java:96)
	at org.powermock.api.mockito.repackaged.ClassImposterizer.imposterise(ClassImposterizer.java:58)
	at org.powermock.api.mockito.repackaged.ClassImposterizer.imposterise(ClassImposterizer.java:50)
	at org.powermock.api.mockito.repackaged.CglibMockMaker.createMock(CglibMockMaker.java:25)
	at org.powermock.api.mockito.internal.mockmaker.PowerMockMaker.createMock(PowerMockMaker.java:47)
	at org.mockito.internal.util.MockUtil.createMock(MockUtil.java:33)
	at org.mockito.internal.MockitoCore.mock(MockitoCore.java:59)
	at org.mockito.Mockito.mock(Mockito.java:1285)
	at org.mockito.internal.configuration.MockAnnotationProcessor.process(MockAnnotationProcessor.java:33)
	at org.mockito.internal.configuration.MockAnnotationProcessor.process(MockAnnotationProcessor.java:16)
	at org.mockito.internal.configuration.DefaultAnnotationEngine.createMockFor(DefaultAnnotationEngine.java:43)
	at org.mockito.internal.configuration.DefaultAnnotationEngine.process(DefaultAnnotationEngine.java:66)
	at org.mockito.internal.configuration.InjectingAnnotationEngine.processIndependentAnnotations(InjectingAnnotationEngine.java:71)
	at org.mockito.internal.configuration.InjectingAnnotationEngine.process(InjectingAnnotationEngine.java:55)
	at org.mockito.MockitoAnnotations.initMocks(MockitoAnnotations.java:108)
	at br.ce.wcaquino.servicos.CalculoValorLocacaoTest.setup(CalculoValorLocacaoTest.java:52)
]]></error>
    <system-out><![CDATA[Finalizando 3...
]]></system-out>
  </testcase>
  <testcase name="deveCalcularValorLocacaoConsiderandoDescontos[3 Filmes: 25%]" classname="br.ce.wcaquino.servicos.CalculoValorLocacaoTest" time="0.048">
    <error message="Could not initialize class org.powermock.api.mockito.repackaged.ClassImposterizer$3" type="java.lang.NoClassDefFoundError"><![CDATA[java.lang.NoClassDefFoundError: Could not initialize class org.powermock.api.mockito.repackaged.ClassImposterizer$3
	at org.mockito.cglib.core.KeyFactory$Generator.generateClass(KeyFactory.java:167)
	at org.mockito.cglib.core.DefaultGeneratorStrategy.generate(DefaultGeneratorStrategy.java:25)
	at org.mockito.cglib.core.AbstractClassGenerator.create(AbstractClassGenerator.java:217)
	at org.mockito.cglib.core.KeyFactory$Generator.create(KeyFactory.java:145)
	at org.mockito.cglib.core.KeyFactory.create(KeyFactory.java:117)
	at org.mockito.cglib.core.KeyFactory.create(KeyFactory.java:109)
	at org.mockito.cglib.core.KeyFactory.create(KeyFactory.java:105)
	at org.mockito.cglib.proxy.Enhancer.<clinit>(Enhancer.java:70)
	at org.powermock.api.mockito.repackaged.ClassImposterizer.createProxyClass(ClassImposterizer.java:96)
	at org.powermock.api.mockito.repackaged.ClassImposterizer.imposterise(ClassImposterizer.java:58)
	at org.powermock.api.mockito.repackaged.ClassImposterizer.imposterise(ClassImposterizer.java:50)
	at org.powermock.api.mockito.repackaged.CglibMockMaker.createMock(CglibMockMaker.java:25)
	at org.powermock.api.mockito.internal.mockmaker.PowerMockMaker.createMock(PowerMockMaker.java:47)
	at org.mockito.internal.util.MockUtil.createMock(MockUtil.java:33)
	at org.mockito.internal.MockitoCore.mock(MockitoCore.java:59)
	at org.mockito.Mockito.mock(Mockito.java:1285)
	at org.mockito.internal.configuration.MockAnnotationProcessor.process(MockAnnotationProcessor.java:33)
	at org.mockito.internal.configuration.MockAnnotationProcessor.process(MockAnnotationProcessor.java:16)
	at org.mockito.internal.configuration.DefaultAnnotationEngine.createMockFor(DefaultAnnotationEngine.java:43)
	at org.mockito.internal.configuration.DefaultAnnotationEngine.process(DefaultAnnotationEngine.java:66)
	at org.mockito.internal.configuration.InjectingAnnotationEngine.processIndependentAnnotations(InjectingAnnotationEngine.java:71)
	at org.mockito.internal.configuration.InjectingAnnotationEngine.process(InjectingAnnotationEngine.java:55)
	at org.mockito.MockitoAnnotations.initMocks(MockitoAnnotations.java:108)
	at br.ce.wcaquino.servicos.CalculoValorLocacaoTest.setup(CalculoValorLocacaoTest.java:52)
]]></error>
    <system-out><![CDATA[Finalizando 3...
]]></system-out>
  </testcase>
  <testcase name="deveCalcularValorLocacaoConsiderandoDescontos[4 Filmes: 50%]" classname="br.ce.wcaquino.servicos.CalculoValorLocacaoTest" time="0.048">
    <error message="Could not initialize class org.powermock.api.mockito.repackaged.ClassImposterizer$3" type="java.lang.NoClassDefFoundError"><![CDATA[java.lang.NoClassDefFoundError: Could not initialize class org.powermock.api.mockito.repackaged.ClassImposterizer$3
	at org.mockito.cglib.core.KeyFactory$Generator.generateClass(KeyFactory.java:167)
	at org.mockito.cglib.core.DefaultGeneratorStrategy.generate(DefaultGeneratorStrategy.java:25)
	at org.mockito.cglib.core.AbstractClassGenerator.create(AbstractClassGenerator.java:217)
	at org.mockito.cglib.core.KeyFactory$Generator.create(KeyFactory.java:145)
	at org.mockito.cglib.core.KeyFactory.create(KeyFactory.java:117)
	at org.mockito.cglib.core.KeyFactory.create(KeyFactory.java:109)
	at org.mockito.cglib.core.KeyFactory.create(KeyFactory.java:105)
	at org.mockito.cglib.proxy.Enhancer.<clinit>(Enhancer.java:70)
	at org.powermock.api.mockito.repackaged.ClassImposterizer.createProxyClass(ClassImposterizer.java:96)
	at org.powermock.api.mockito.repackaged.ClassImposterizer.imposterise(ClassImposterizer.java:58)
	at org.powermock.api.mockito.repackaged.ClassImposterizer.imposterise(ClassImposterizer.java:50)
	at org.powermock.api.mockito.repackaged.CglibMockMaker.createMock(CglibMockMaker.java:25)
	at org.powermock.api.mockito.internal.mockmaker.PowerMockMaker.createMock(PowerMockMaker.java:47)
	at org.mockito.internal.util.MockUtil.createMock(MockUtil.java:33)
	at org.mockito.internal.MockitoCore.mock(MockitoCore.java:59)
	at org.mockito.Mockito.mock(Mockito.java:1285)
	at org.mockito.internal.configuration.MockAnnotationProcessor.process(MockAnnotationProcessor.java:33)
	at org.mockito.internal.configuration.MockAnnotationProcessor.process(MockAnnotationProcessor.java:16)
	at org.mockito.internal.configuration.DefaultAnnotationEngine.createMockFor(DefaultAnnotationEngine.java:43)
	at org.mockito.internal.configuration.DefaultAnnotationEngine.process(DefaultAnnotationEngine.java:66)
	at org.mockito.internal.configuration.InjectingAnnotationEngine.processIndependentAnnotations(InjectingAnnotationEngine.java:71)
	at org.mockito.internal.configuration.InjectingAnnotationEngine.process(InjectingAnnotationEngine.java:55)
	at org.mockito.MockitoAnnotations.initMocks(MockitoAnnotations.java:108)
	at br.ce.wcaquino.servicos.CalculoValorLocacaoTest.setup(CalculoValorLocacaoTest.java:52)
]]></error>
    <system-out><![CDATA[Finalizando 3...
]]></system-out>
  </testcase>
</testsuite>